Build started 6/16/2013 12:05:05 PM.
     1>Project "C:\Documents and Settings\Owner\My Documents\GitHub\CS218a.Week.6.Team.Blue.Final\CS218a.TeamBlue.Final\CS218a.TeamBlue.Final\CS218a.TeamBlue.Final.vcxproj" on node 2 (build target(s)).
     1>InitializeBuildStatus:
         Creating "Debug\CS218a.TeamBlue.Final.unsuccessfulbuild" because "AlwaysCreate" was specified.
       ClCompile:
         All outputs are up-to-date.
         c:\Program Files\Microsoft Visual Studio 10.0\VC\bin\CL.exe /c /ZI /nologo /W3 /WX- /Od /Oy- /D WIN32 /D _DEBUG /D _CONSOLE /D _UNICODE /D UNICODE /Gm /EHsc /RTC1 /MDd /GS /fp:precise /Zc:wchar_t /Zc:forScope /Yu"StdAfx.h" /Fp"Debug\CS218a.TeamBlue.Final.pch" /Fo"Debug\\" /Fd"Debug\vc100.pdb" /Gd /TP /analyze- /errorReport:prompt CS218a.TeamBlue.Final.cpp
         CS218a.TeamBlue.Final.cpp
       Link:
         c:\Program Files\Microsoft Visual Studio 10.0\VC\bin\link.exe /ERRORREPORT:PROMPT /OUT:"C:\Documents and Settings\Owner\My Documents\GitHub\CS218a.Week.6.Team.Blue.Final\CS218a.TeamBlue.Final\Debug\CS218a.TeamBlue.Final.exe" /INCREMENTAL:NO /NOLOGO kernel32.lib user32.lib gdi32.lib winspool.lib comdlg32.lib advapi32.lib shell32.lib ole32.lib oleaut32.lib uuid.lib odbc32.lib odbccp32.lib /MANIFEST /ManifestFile:"Debug\CS218a.TeamBlue.Final.exe.intermediate.manifest" /MANIFESTUAC:"level='asInvoker' uiAccess='false'" /DEBUG /PDB:"C:\Documents and Settings\Owner\My Documents\GitHub\CS218a.Week.6.Team.Blue.Final\CS218a.TeamBlue.Final\Debug\CS218a.TeamBlue.Final.pdb" /SUBSYSTEM:CONSOLE /TLBID:1 /DYNAMICBASE /NXCOMPAT /IMPLIB:"C:\Documents and Settings\Owner\My Documents\GitHub\CS218a.Week.6.Team.Blue.Final\CS218a.TeamBlue.Final\Debug\CS218a.TeamBlue.Final.lib" /MACHINE:X86 Debug\CS218a.TeamBlue.Final.obj
         Debug\InformationCentral.obj
         Debug\stdafx.obj
         Debug\stockType.obj
     1>CS218a.TeamBlue.Final.obj : warning LNK4075: ignoring '/EDITANDCONTINUE' due to '/INCREMENTAL:NO' specification
         CS218a.TeamBlue.Final.vcxproj -> C:\Documents and Settings\Owner\My Documents\GitHub\CS218a.Week.6.Team.Blue.Final\CS218a.TeamBlue.Final\Debug\CS218a.TeamBlue.Final.exe
       Manifest:
         C:\Program Files\Microsoft SDKs\Windows\v7.0A\bin\mt.exe /nologo /verbose /outputresource:"C:\Documents and Settings\Owner\My Documents\GitHub\CS218a.Week.6.Team.Blue.Final\CS218a.TeamBlue.Final\Debug\CS218a.TeamBlue.Final.exe;#1" /manifest Debug\CS218a.TeamBlue.Final.exe.intermediate.manifest
       FinalizeBuildStatus:
         Deleting file "Debug\CS218a.TeamBlue.Final.unsuccessfulbuild".
         Touching "Debug\CS218a.TeamBlue.Final.lastbuildstate".
     1>Done Building Project "C:\Documents and Settings\Owner\My Documents\GitHub\CS218a.Week.6.Team.Blue.Final\CS218a.TeamBlue.Final\CS218a.TeamBlue.Final\CS218a.TeamBlue.Final.vcxproj" (build target(s)).

Build succeeded.

Time Elapsed 00:00:01.81
